+ HOST_PORT_APP=9000
+ CONTAINER_PORT_APP=9000
+ HOST_PORT_DB=5432
+ CONTAINER_PORT_DB=5432
+ REPONAME=srinics
+ TPATH=./docker/temp/
+ ENV_FILE_DB=./docker/db.env
+ DOCKERFILE_APP=./docker/dockerfile-app
+ DOCKERFILE_DB=./docker/dockerfile-db
+ IMAGE_NAME_DB=dproject-img-db
+ IMAGE_NAME_APP=dproject-img-app
+ CONTAINER_NAME_APP=dproject-cnt-app
+ CONTAINER_NAME_DB=dproject-cnt-db
+ OP=d
+ '[' d = d ']'
+ DEMONIZE=1
+ '[' ']'
+ docker stop dproject-cnt-db
dproject-cnt-db
+ docker stop dproject-cnt-app
dproject-cnt-app
+ docker rmi dproject-img-app --force
Untagged: dproject-img-app:latest
Deleted: sha256:574374955d6c2886eb41c2768e98382ced5e99407be5b4bffeb55befbae38397
Deleted: sha256:e5da80ec16da695f71f7ac649c150bcc2c6b010729d8f6dc4c7a87a9738be670
Deleted: sha256:cff79f27cf110c6bfcd517d4a477e1cdd01408b3e2dd09b3bc8adf2acc8acd88
Deleted: sha256:d52e397725da380ff08a78c904789a31a320dfb414fe7cc50a1b40344fe3b9e7
Deleted: sha256:f7e9e8b4078944a4f0ec359f2b0629bb3d85eb64c3917c32472819a227e6e9ec
+ docker rmi dproject-img-db --force
Untagged: dproject-img-db:latest
+ docker image prune --force
Total reclaimed space: 0B
+ docker container prune --force
Deleted Containers:
c410a80d4d324018f2a50b2ae75d41c8cb028d70a051699a2cbfa39090fbb308
d93e1fd366df0567d6a4d75204f8d006baea21e78bce4ea8e805ea423ef88fef

Total reclaimed space: 4.154kB
+ docker kill dproject-cnt-db
Error response from daemon: Cannot kill container: dproject-cnt-db: No such container: dproject-cnt-db
+ docker kill dproject-cnt-app
Error response from daemon: Cannot kill container: dproject-cnt-app: No such container: dproject-cnt-app
+ '[' ']'
+ docker build -t dproject-img-db -f ./docker/dockerfile-db ./docker/temp/
Sending build context to Docker daemon  2.095kB
Step 1/1 : FROM postgres:latest
 ---> 9907cacf0c01
Successfully built 9907cacf0c01
Successfully tagged dproject-img-db:latest
+ docker build -t dproject-img-app -f ./docker/dockerfile-app .
Sending build context to Docker daemon  147.5kB
Step 1/8 : FROM centos:latest
 ---> 470671670cac
Step 2/8 : RUN yum install epel-release gcc python3-pip python3-devel wget nc postgresql-devel -y
 ---> Using cache
 ---> 813f27056a2e
Step 3/8 : RUN mkdir -p /root/srini &&  cd /root/srini
 ---> Using cache
 ---> 49f457eba661
Step 4/8 : COPY requirement.txt /root/srini
 ---> 9509209fff93
Step 5/8 : RUN pip3 install -r /root/srini/requirement.txt
 ---> Running in 7c931d25fce4
[91mWARNING: Running pip install with root privileges is generally not a good idea. Try `pip3 install --user` instead.
[0mCollecting django (from -r /root/srini/requirement.txt (line 1))
  Downloading https://files.pythonhosted.org/packages/a9/4f/8a247eee2958529a6a805d38fbacd9764fd566462fa0016aa2a2947ab2a6/Django-3.0.5-py3-none-any.whl (7.5MB)
Collecting psycopg2 (from -r /root/srini/requirement.txt (line 2))
  Downloading https://files.pythonhosted.org/packages/a8/8f/1c5690eebf148d1d1554fc00ccf9101e134636553dbb75bdfef4f85d7647/psycopg2-2.8.5.tar.gz (380kB)
Collecting psycopg2-binary (from -r /root/srini/requirement.txt (line 3))
  Downloading https://files.pythonhosted.org/packages/d3/8a/a7ed55c2c55bd4f5844d72734fedc0cef8a74518a0a19105a21c15628f1e/psycopg2_binary-2.8.5-cp36-cp36m-manylinux1_x86_64.whl (2.9MB)
Collecting pytz (from django->-r /root/srini/requirement.txt (line 1))
  Downloading https://files.pythonhosted.org/packages/e7/f9/f0b53f88060247251bf481fa6ea62cd0d25bf1b11a87888e53ce5b7c8ad2/pytz-2019.3-py2.py3-none-any.whl (509kB)
Collecting sqlparse>=0.2.2 (from django->-r /root/srini/requirement.txt (line 1))
  Downloading https://files.pythonhosted.org/packages/85/ee/6e821932f413a5c4b76be9c5936e313e4fc626b33f16e027866e1d60f588/sqlparse-0.3.1-py2.py3-none-any.whl (40kB)
Collecting asgiref~=3.2 (from django->-r /root/srini/requirement.txt (line 1))
  Downloading https://files.pythonhosted.org/packages/68/00/25013f7310a56d17e1ab6fd885d5c1f216b7123b550d295c93f8e29d372a/asgiref-3.2.7-py2.py3-none-any.whl
Installing collected packages: pytz, sqlparse, asgiref, django, psycopg2, psycopg2-binary
  Running setup.py install for psycopg2: started
    Running setup.py install for psycopg2: finished with status 'done'
Successfully installed asgiref-3.2.7 django-3.0.5 psycopg2-2.8.5 psycopg2-binary-2.8.5 pytz-2019.3 sqlparse-0.3.1
Removing intermediate container 7c931d25fce4
 ---> 4b3241f49b11
Step 6/8 : COPY . /root/srini
 ---> aed9131b7f96
Step 7/8 : RUN pip3 freeze Django
 ---> Running in 1be26e7a9179
asgiref==3.2.7
Django==3.0.5
gpg==1.10.0
psycopg2==2.8.5
psycopg2-binary==2.8.5
pytz==2019.3
rpm==4.14.2
sqlparse==0.3.1
Removing intermediate container 1be26e7a9179
 ---> 96b39e91fa6a
Step 8/8 : CMD while ! echo exit | nc dproject-cnt-db 5432; do sleep 10; done  && /usr/bin/python3  /root/srini/manage.py migrate && /usr/bin/python3 /root/srini/manage.py runserver 0.0.0.0:9000
 ---> Running in e797fbb87e25
Removing intermediate container e797fbb87e25
 ---> f1d12ce19aa3
Successfully built f1d12ce19aa3
Successfully tagged dproject-img-app:latest
+ '[' ']'
+ CMD_DB='--name dproject-cnt-db -p 5432:5432  --env-file ./docker/db.env dproject-img-db'
+ CMD_APP='--name dproject-cnt-app -p 9000:9000  --link dproject-cnt-db:dproject-cnt-db dproject-img-app'
+ '[' 1 ']'
+ docker run -itd --name dproject-cnt-db -p 5432:5432 --env-file ./docker/db.env dproject-img-db
6fe1a4f8b4ab3ac1e4412a3daa433f61954db59a353e111931a54ca25a67a118
+ waitport 5432
+ nc -z localhost 5432
+ docker run -itd --name dproject-cnt-app -p 9000:9000 --link dproject-cnt-db:dproject-cnt-db dproject-img-app
e0cc18e31f7b43ee5378b15ee47e09789314f74f470a18b1fc92fc7a4a9ecefe
+ docker ps
CONTAINER ID        IMAGE               COMMAND                  CREATED                  STATUS                  PORTS                    NAMES
e0cc18e31f7b        dproject-img-app    "/bin/sh -c 'while !…"   Less than a second ago   Up Less than a second   0.0.0.0:9000->9000/tcp   dproject-cnt-app
6fe1a4f8b4ab        dproject-img-db     "docker-entrypoint.s…"   1 second ago             Up Less than a second   0.0.0.0:5432->5432/tcp   dproject-cnt-db
